info: 04-Nov-2021 12:23:41: 	Server Sent List Of Users
error: 04-Nov-2021 12:27:45: 	400 || Bad Request - /register - POST - ::1
info: 04-Nov-2021 12:27:50: 	Server Sent List Of Users
error: 04-Nov-2021 12:29:28: 	409 || Conflict - /register - POST - ::1
info: 04-Nov-2021 12:29:31: 	Server Sent List Of Users
info: 04-Nov-2021 13:32:20: 	Server Sent List Of Users
error: 04-Nov-2021 13:33:14: 	409 || Conflict - /register - POST - ::1
info: 04-Nov-2021 13:33:16: 	Server Sent List Of Users
error: 04-Nov-2021 13:36:05: 	409 || undefined - /register - POST - ::1
info: 04-Nov-2021 13:37:33: 	Server Sent List Of Users
info: 04-Nov-2021 13:39:26: 	Server Sent List Of Users
info: 04-Nov-2021 13:39:28: 	Server Sent List Of Users
info: 04-Nov-2021 13:40:27: 	Server Sent List Of Users
error: 04-Nov-2021 13:40:51: 	409 || undefined - /register - POST - ::1
info: 04-Nov-2021 13:41:18: 	Server Sent List Of Users
info: 04-Nov-2021 13:41:57: 	Server Sent List Of Users
info: 04-Nov-2021 13:42:38: 	Server Sent List Of Users
info: 04-Nov-2021 13:42:39: 	Server Sent List Of Users
info: 04-Nov-2021 13:42:39: 	Server Sent List Of Users
info: 04-Nov-2021 13:42:40: 	Server Sent List Of Users
info: 04-Nov-2021 13:42:40: 	Server Sent List Of Users
info: 04-Nov-2021 13:42:40: 	Server Sent List Of Users
info: 04-Nov-2021 13:42:41: 	Server Sent List Of Users
info: 04-Nov-2021 13:42:41: 	Server Sent List Of Users
info: 04-Nov-2021 13:42:41: 	Server Sent List Of Users
info: 04-Nov-2021 13:42:41: 	Server Sent List Of Users
info: 04-Nov-2021 13:42:47: 	Server Sent List Of Users
error: 04-Nov-2021 13:46:25: 	400 || undefined - /register - POST - ::1
info: 04-Nov-2021 13:59:25: 	Server Sent List Of Users
info: 04-Nov-2021 15:10:38: 	Server Sent List Of Users
info: 04-Nov-2021 15:10:38: 	Server Sent List Of Users
info: 04-Nov-2021 15:10:38: 	Server Sent List Of Users
info: 04-Nov-2021 15:10:38: 	Server Sent List Of Users
info: 04-Nov-2021 15:10:38: 	Server Sent List Of Users
info: 04-Nov-2021 15:10:38: 	Server Sent List Of Users
info: 04-Nov-2021 15:10:38: 	Server Sent List Of Users
info: 04-Nov-2021 15:10:38: 	Server Sent List Of Users
info: 04-Nov-2021 15:10:38: 	Server Sent List Of Users
info: 04-Nov-2021 15:10:38: 	Server Sent List Of Users
info: 04-Nov-2021 15:10:39: 	Server Sent List Of Users
info: 04-Nov-2021 15:10:39: 	Server Sent List Of Users
info: 04-Nov-2021 15:10:39: 	Server Sent List Of Users
info: 04-Nov-2021 15:10:39: 	Server Sent List Of Users
info: 04-Nov-2021 15:10:39: 	Server Sent List Of Users
info: 04-Nov-2021 15:10:39: 	Server Sent List Of Users
info: 04-Nov-2021 15:56:56: 	Server Sent List Of Users
info: 04-Nov-2021 15:58:42: 	Server Sent List Of Users
info: 04-Nov-2021 15:59:12: 	Server Sent List Of Users
info: 04-Nov-2021 15:59:12: 	Server Sent List Of Users
info: 04-Nov-2021 15:59:12: 	Server Sent List Of Users
info: 04-Nov-2021 15:59:12: 	Server Sent List Of Users
info: 04-Nov-2021 15:59:12: 	Server Sent List Of Users
info: 04-Nov-2021 15:59:12: 	Server Sent List Of Users
info: 04-Nov-2021 15:59:12: 	Server Sent List Of Users
info: 04-Nov-2021 15:59:12: 	Server Sent List Of Users
info: 04-Nov-2021 15:59:12: 	Server Sent List Of Users
info: 04-Nov-2021 15:59:12: 	Server Sent List Of Users
info: 04-Nov-2021 15:59:12: 	Server Sent List Of Users
info: 04-Nov-2021 15:59:12: 	Server Sent List Of Users
info: 04-Nov-2021 15:59:12: 	Server Sent List Of Users
info: 04-Nov-2021 15:59:12: 	Server Sent List Of Users
info: 04-Nov-2021 15:59:12: 	Server Sent List Of Users
info: 04-Nov-2021 16:07:48: 	Server Sent List Of Users
info: 04-Nov-2021 16:07:48: 	Server Sent List Of Users
info: 04-Nov-2021 16:07:48: 	Server Sent List Of Users
info: 04-Nov-2021 16:07:48: 	Server Sent List Of Users
info: 04-Nov-2021 16:07:48: 	Server Sent List Of Users
info: 04-Nov-2021 16:07:48: 	Server Sent List Of Users
info: 04-Nov-2021 16:07:48: 	Server Sent List Of Users
info: 04-Nov-2021 16:07:48: 	Server Sent List Of Users
info: 04-Nov-2021 16:07:48: 	Server Sent List Of Users
info: 04-Nov-2021 16:07:48: 	Server Sent List Of Users
info: 04-Nov-2021 16:07:48: 	Server Sent List Of Users
info: 04-Nov-2021 16:07:48: 	Server Sent List Of Users
info: 04-Nov-2021 16:07:48: 	Server Sent List Of Users
info: 04-Nov-2021 16:07:48: 	Server Sent List Of Users
info: 04-Nov-2021 16:07:48: 	Server Sent List Of Users
info: 04-Nov-2021 16:07:48: 	Server Sent List Of Users
info: 04-Nov-2021 16:07:48: 	Server Sent List Of Users
info: 04-Nov-2021 16:07:48: 	Server Sent List Of Users
info: 04-Nov-2021 16:07:48: 	Server Sent List Of Users
info: 04-Nov-2021 16:07:48: 	Server Sent List Of Users
info: 04-Nov-2021 16:07:48: 	Server Sent List Of Users
info: 04-Nov-2021 16:07:48: 	Server Sent List Of Users
info: 04-Nov-2021 16:07:48: 	Server Sent List Of Users
info: 04-Nov-2021 16:07:48: 	Server Sent List Of Users
info: 04-Nov-2021 16:07:48: 	Server Sent List Of Users
info: 04-Nov-2021 16:07:48: 	Server Sent List Of Users
info: 04-Nov-2021 16:07:48: 	Server Sent List Of Users
info: 04-Nov-2021 16:07:48: 	Server Sent List Of Users
info: 04-Nov-2021 16:07:48: 	Server Sent List Of Users
info: 04-Nov-2021 16:07:48: 	Server Sent List Of Users
info: 04-Nov-2021 16:07:48: 	Server Sent List Of Users
info: 04-Nov-2021 16:07:48: 	Server Sent List Of Users
info: 04-Nov-2021 16:07:48: 	Server Sent List Of Users
info: 04-Nov-2021 16:07:48: 	Server Sent List Of Users
info: 04-Nov-2021 16:07:48: 	Server Sent List Of Users
info: 04-Nov-2021 16:07:48: 	Server Sent List Of Users
info: 04-Nov-2021 16:07:48: 	Server Sent List Of Users
info: 04-Nov-2021 16:07:48: 	Server Sent List Of Users
info: 04-Nov-2021 16:07:48: 	Server Sent List Of Users
info: 04-Nov-2021 16:07:48: 	Server Sent List Of Users
info: 04-Nov-2021 16:07:48: 	Server Sent List Of Users
info: 04-Nov-2021 16:07:48: 	Server Sent List Of Users
info: 04-Nov-2021 16:07:48: 	Server Sent List Of Users
info: 04-Nov-2021 16:07:48: 	Server Sent List Of Users
info: 04-Nov-2021 16:07:48: 	Server Sent List Of Users
info: 04-Nov-2021 16:07:48: 	Server Sent List Of Users
info: 04-Nov-2021 16:07:48: 	Server Sent List Of Users
info: 04-Nov-2021 16:07:48: 	Server Sent List Of Users
info: 04-Nov-2021 16:07:48: 	Server Sent List Of Users
info: 04-Nov-2021 16:07:48: 	Server Sent List Of Users
info: 04-Nov-2021 16:07:48: 	Server Sent List Of Users
info: 04-Nov-2021 16:07:48: 	Server Sent List Of Users
info: 04-Nov-2021 16:07:48: 	Server Sent List Of Users
info: 04-Nov-2021 16:07:48: 	Server Sent List Of Users
info: 04-Nov-2021 16:07:48: 	Server Sent List Of Users
info: 04-Nov-2021 16:07:48: 	Server Sent List Of Users
info: 04-Nov-2021 16:07:48: 	Server Sent List Of Users
info: 04-Nov-2021 16:07:48: 	Server Sent List Of Users
info: 04-Nov-2021 16:07:48: 	Server Sent List Of Users
info: 04-Nov-2021 16:07:48: 	Server Sent List Of Users
info: 04-Nov-2021 16:07:48: 	Server Sent List Of Users
info: 04-Nov-2021 16:07:48: 	Server Sent List Of Users
info: 04-Nov-2021 16:07:48: 	Server Sent List Of Users
info: 04-Nov-2021 16:07:48: 	Server Sent List Of Users
info: 04-Nov-2021 18:11:48: 	Server Sent List Of Users
info: 04-Nov-2021 18:13:18: 	Server Sent List Of Users
info: 05-Nov-2021 09:40:52: 	Server Sent List Of Users
info: 05-Nov-2021 09:40:52: 	Server Sent List Of Users
info: 05-Nov-2021 09:40:52: 	Server Sent List Of Users
info: 05-Nov-2021 09:40:52: 	Server Sent List Of Users
info: 05-Nov-2021 09:40:52: 	Server Sent List Of Users
info: 05-Nov-2021 09:40:52: 	Server Sent List Of Users
info: 05-Nov-2021 09:40:52: 	Server Sent List Of Users
info: 05-Nov-2021 09:40:52: 	Server Sent List Of Users
info: 05-Nov-2021 09:40:52: 	Server Sent List Of Users
info: 05-Nov-2021 09:40:52: 	Server Sent List Of Users
info: 05-Nov-2021 09:40:52: 	Server Sent List Of Users
info: 05-Nov-2021 09:40:52: 	Server Sent List Of Users
info: 05-Nov-2021 09:40:52: 	Server Sent List Of Users
info: 05-Nov-2021 09:40:52: 	Server Sent List Of Users
info: 05-Nov-2021 09:40:52: 	Server Sent List Of Users
info: 05-Nov-2021 09:40:52: 	Server Sent List Of Users
info: 05-Nov-2021 09:40:52: 	Server Sent List Of Users
info: 05-Nov-2021 09:40:52: 	Server Sent List Of Users
info: 05-Nov-2021 09:40:52: 	Server Sent List Of Users
info: 05-Nov-2021 09:40:52: 	Server Sent List Of Users
info: 05-Nov-2021 09:40:52: 	Server Sent List Of Users
info: 05-Nov-2021 09:40:52: 	Server Sent List Of Users
info: 05-Nov-2021 09:40:52: 	Server Sent List Of Users
info: 05-Nov-2021 09:40:52: 	Server Sent List Of Users
info: 05-Nov-2021 09:40:52: 	Server Sent List Of Users
info: 05-Nov-2021 09:40:52: 	Server Sent List Of Users
info: 05-Nov-2021 09:40:52: 	Server Sent List Of Users
info: 05-Nov-2021 09:40:52: 	Server Sent List Of Users
info: 05-Nov-2021 09:40:52: 	Server Sent List Of Users
info: 05-Nov-2021 09:40:52: 	Server Sent List Of Users
info: 05-Nov-2021 09:40:52: 	Server Sent List Of Users
info: 05-Nov-2021 09:40:52: 	Server Sent List Of Users
info: 05-Nov-2021 09:40:52: 	Server Sent List Of Users
info: 05-Nov-2021 09:40:52: 	Server Sent List Of Users
info: 05-Nov-2021 09:40:52: 	Server Sent List Of Users
info: 05-Nov-2021 09:40:52: 	Server Sent List Of Users
info: 05-Nov-2021 09:40:52: 	Server Sent List Of Users
info: 05-Nov-2021 09:40:52: 	Server Sent List Of Users
info: 05-Nov-2021 09:40:52: 	Server Sent List Of Users
info: 05-Nov-2021 09:40:52: 	Server Sent List Of Users
info: 05-Nov-2021 09:40:52: 	Server Sent List Of Users
info: 05-Nov-2021 09:40:52: 	Server Sent List Of Users
info: 05-Nov-2021 09:40:52: 	Server Sent List Of Users
info: 05-Nov-2021 09:40:52: 	Server Sent List Of Users
info: 05-Nov-2021 09:40:52: 	Server Sent List Of Users
info: 05-Nov-2021 09:40:52: 	Server Sent List Of Users
info: 05-Nov-2021 09:40:52: 	Server Sent List Of Users
info: 05-Nov-2021 09:40:52: 	Server Sent List Of Users
info: 05-Nov-2021 09:40:52: 	Server Sent List Of Users
info: 05-Nov-2021 09:40:52: 	Server Sent List Of Users
info: 05-Nov-2021 09:40:52: 	Server Sent List Of Users
info: 05-Nov-2021 09:40:52: 	Server Sent List Of Users
info: 05-Nov-2021 09:40:52: 	Server Sent List Of Users
info: 05-Nov-2021 09:40:52: 	Server Sent List Of Users
info: 05-Nov-2021 09:40:52: 	Server Sent List Of Users
info: 05-Nov-2021 09:40:52: 	Server Sent List Of Users
info: 05-Nov-2021 09:40:52: 	Server Sent List Of Users
info: 05-Nov-2021 09:40:52: 	Server Sent List Of Users
info: 05-Nov-2021 09:40:52: 	Server Sent List Of Users
info: 05-Nov-2021 09:40:52: 	Server Sent List Of Users
info: 05-Nov-2021 09:40:52: 	Server Sent List Of Users
info: 05-Nov-2021 09:40:52: 	Server Sent List Of Users
info: 05-Nov-2021 09:40:52: 	Server Sent List Of Users
info: 05-Nov-2021 09:40:52: 	Server Sent List Of Users
info: 05-Nov-2021 15:09:55: 	Server Sent List Of Users
info: 05-Nov-2021 15:09:55: 	Server Sent List Of Users
info: 05-Nov-2021 15:09:55: 	Server Sent List Of Users
info: 05-Nov-2021 15:09:55: 	Server Sent List Of Users
info: 05-Nov-2021 15:09:55: 	Server Sent List Of Users
info: 05-Nov-2021 15:09:55: 	Server Sent List Of Users
info: 05-Nov-2021 15:09:55: 	Server Sent List Of Users
info: 05-Nov-2021 15:09:55: 	Server Sent List Of Users
info: 05-Nov-2021 15:09:55: 	Server Sent List Of Users
info: 05-Nov-2021 15:09:55: 	Server Sent List Of Users
info: 05-Nov-2021 15:09:55: 	Server Sent List Of Users
info: 05-Nov-2021 15:09:55: 	Server Sent List Of Users
info: 05-Nov-2021 15:09:55: 	Server Sent List Of Users
info: 05-Nov-2021 15:09:55: 	Server Sent List Of Users
info: 05-Nov-2021 15:09:55: 	Server Sent List Of Users
info: 05-Nov-2021 15:09:55: 	Server Sent List Of Users
info: 05-Nov-2021 15:09:55: 	Server Sent List Of Users
info: 05-Nov-2021 15:09:55: 	Server Sent List Of Users
info: 05-Nov-2021 15:09:55: 	Server Sent List Of Users
info: 05-Nov-2021 15:09:55: 	Server Sent List Of Users
info: 05-Nov-2021 15:09:55: 	Server Sent List Of Users
info: 05-Nov-2021 15:09:55: 	Server Sent List Of Users
info: 05-Nov-2021 15:09:55: 	Server Sent List Of Users
info: 05-Nov-2021 15:09:55: 	Server Sent List Of Users
info: 05-Nov-2021 15:09:55: 	Server Sent List Of Users
info: 05-Nov-2021 15:09:55: 	Server Sent List Of Users
info: 05-Nov-2021 15:09:55: 	Server Sent List Of Users
info: 05-Nov-2021 15:09:55: 	Server Sent List Of Users
info: 05-Nov-2021 15:09:55: 	Server Sent List Of Users
info: 05-Nov-2021 15:09:55: 	Server Sent List Of Users
info: 05-Nov-2021 15:09:55: 	Server Sent List Of Users
info: 05-Nov-2021 15:09:55: 	Server Sent List Of Users
info: 05-Nov-2021 15:09:55: 	Server Sent List Of Users
info: 05-Nov-2021 15:09:55: 	Server Sent List Of Users
info: 05-Nov-2021 15:09:55: 	Server Sent List Of Users
info: 05-Nov-2021 15:09:55: 	Server Sent List Of Users
info: 05-Nov-2021 15:09:55: 	Server Sent List Of Users
info: 05-Nov-2021 15:09:55: 	Server Sent List Of Users
info: 05-Nov-2021 15:09:55: 	Server Sent List Of Users
info: 05-Nov-2021 15:09:55: 	Server Sent List Of Users
info: 05-Nov-2021 15:09:55: 	Server Sent List Of Users
info: 05-Nov-2021 15:09:55: 	Server Sent List Of Users
info: 05-Nov-2021 15:09:55: 	Server Sent List Of Users
info: 05-Nov-2021 15:09:55: 	Server Sent List Of Users
info: 05-Nov-2021 15:09:55: 	Server Sent List Of Users
info: 05-Nov-2021 15:09:55: 	Server Sent List Of Users
info: 05-Nov-2021 15:09:55: 	Server Sent List Of Users
info: 05-Nov-2021 15:09:55: 	Server Sent List Of Users
info: 05-Nov-2021 15:09:55: 	Server Sent List Of Users
info: 05-Nov-2021 15:09:55: 	Server Sent List Of Users
info: 05-Nov-2021 15:09:55: 	Server Sent List Of Users
info: 05-Nov-2021 15:09:55: 	Server Sent List Of Users
info: 05-Nov-2021 15:09:55: 	Server Sent List Of Users
info: 05-Nov-2021 15:09:55: 	Server Sent List Of Users
info: 05-Nov-2021 15:09:55: 	Server Sent List Of Users
info: 05-Nov-2021 15:09:55: 	Server Sent List Of Users
info: 05-Nov-2021 15:09:55: 	Server Sent List Of Users
info: 05-Nov-2021 15:09:55: 	Server Sent List Of Users
info: 05-Nov-2021 15:09:55: 	Server Sent List Of Users
info: 05-Nov-2021 15:09:55: 	Server Sent List Of Users
info: 05-Nov-2021 15:09:55: 	Server Sent List Of Users
info: 05-Nov-2021 15:09:55: 	Server Sent List Of Users
info: 05-Nov-2021 15:09:55: 	Server Sent List Of Users
info: 05-Nov-2021 15:09:55: 	Server Sent List Of Users
info: 05-Nov-2021 16:19:00: 	Server Sent List Of Users
info: 05-Nov-2021 16:19:24: 	Server Sent List Of Users
info: 05-Nov-2021 16:22:57: 	Server Sent List Of Users
info: 05-Nov-2021 16:23:08: 	Server Sent List Of Users
info: 05-Nov-2021 16:53:27: 	Server Sent List Of Users
info: 05-Nov-2021 16:56:54: 	Server Sent List Of Users
info: 05-Nov-2021 16:57:12: 	Server Sent List Of Users
info: 05-Nov-2021 16:57:13: 	Server Sent List Of Users
info: 05-Nov-2021 16:57:14: 	Server Sent List Of Users
info: 05-Nov-2021 16:57:33: 	Server Sent List Of Users
info: 05-Nov-2021 16:57:36: 	Server Sent List Of Users
info: 05-Nov-2021 16:57:36: 	Server Sent List Of Users
info: 05-Nov-2021 16:57:36: 	Server Sent List Of Users
info: 05-Nov-2021 16:57:36: 	Server Sent List Of Users
info: 05-Nov-2021 16:57:37: 	Server Sent List Of Users
info: 05-Nov-2021 16:59:30: 	Server Sent List Of Users
info: 05-Nov-2021 16:59:32: 	Server Sent List Of Users
info: 05-Nov-2021 17:00:16: 	Server Sent List Of Users
info: 05-Nov-2021 17:00:19: 	Server Sent List Of Users
info: 05-Nov-2021 17:00:32: 	Server Sent List Of Users
info: 05-Nov-2021 17:03:44: 	Server Sent List Of Users
info: 05-Nov-2021 17:03:47: 	Server Sent List Of Users
info: 05-Nov-2021 17:04:02: 	Server Sent List Of Users
info: 05-Nov-2021 17:04:52: 	Server Sent List Of Users
info: 05-Nov-2021 17:04:53: 	Server Sent List Of Users
info: 05-Nov-2021 17:04:54: 	Server Sent List Of Users
info: 05-Nov-2021 17:04:55: 	Server Sent List Of Users
info: 05-Nov-2021 17:04:55: 	Server Sent List Of Users
info: 05-Nov-2021 17:04:55: 	Server Sent List Of Users
info: 05-Nov-2021 17:06:07: 	Server Sent List Of Users
info: 05-Nov-2021 17:06:28: 	Server Sent List Of Users
info: 05-Nov-2021 17:08:24: 	Server Sent List Of Users
info: 05-Nov-2021 17:08:25: 	Server Sent List Of Users
info: 05-Nov-2021 17:08:26: 	Server Sent List Of Users
info: 05-Nov-2021 17:08:26: 	Server Sent List Of Users
info: 05-Nov-2021 17:08:26: 	Server Sent List Of Users
info: 05-Nov-2021 17:15:30: 	Server Sent List Of Users
info: 05-Nov-2021 17:15:32: 	Server Sent List Of Users
info: 05-Nov-2021 17:16:33: 	Server Sent List Of Users
info: 05-Nov-2021 17:16:51: 	Server Sent List Of Users
info: 05-Nov-2021 17:22:19: 	Server Sent List Of Users
info: 05-Nov-2021 17:23:59: 	Server Sent List Of Users
info: 05-Nov-2021 17:26:05: 	Server Sent List Of Users
info: 05-Nov-2021 17:27:23: 	Server Sent List Of Users
info: 05-Nov-2021 17:27:35: 	Server Sent List Of Users
info: 05-Nov-2021 17:36:02: 	Server Sent List Of Users
info: 05-Nov-2021 17:39:00: 	Server Sent List Of Users
info: 05-Nov-2021 17:39:01: 	Server Sent List Of Users
info: 05-Nov-2021 17:39:16: 	Server Sent List Of Users
info: 05-Nov-2021 17:39:29: 	Server Sent List Of Users
info: 05-Nov-2021 17:46:33: 	Server Sent List Of Users
info: 05-Nov-2021 17:46:48: 	Server Sent List Of Users
info: 08-Nov-2021 11:55:31: 	Server Sent List Of Users
info: 08-Nov-2021 11:57:50: 	Server Sent List Of Users
info: 08-Nov-2021 11:57:54: 	Server Sent List Of Users
info: 08-Nov-2021 11:59:08: 	Server Sent List Of Users
info: 08-Nov-2021 12:01:27: 	Server Sent List Of Users
info: 08-Nov-2021 12:02:36: 	Server Sent List Of Users
info: 08-Nov-2021 12:04:20: 	Server Sent List Of Users
info: 08-Nov-2021 12:05:27: 	Server Sent List Of Users
info: 08-Nov-2021 12:06:31: 	Server Sent List Of Users
info: 08-Nov-2021 12:07:44: 	Server Sent List Of Users
info: 08-Nov-2021 12:08:22: 	Server Sent List Of Users
info: 08-Nov-2021 12:08:41: 	Server Sent List Of Users
info: 08-Nov-2021 12:09:25: 	Server Sent List Of Users
info: 08-Nov-2021 12:09:36: 	Server Sent List Of Users
info: 08-Nov-2021 12:11:03: 	Server Sent List Of Users
info: 08-Nov-2021 12:11:09: 	Server Sent List Of Users
info: 08-Nov-2021 12:12:19: 	Server Sent List Of Users
info: 08-Nov-2021 12:12:24: 	Server Sent List Of Users
info: 08-Nov-2021 12:15:57: 	Server Sent List Of Users
info: 08-Nov-2021 12:17:09: 	Server Sent List Of Users
info: 08-Nov-2021 12:19:09: 	Server Sent List Of Users
info: 08-Nov-2021 12:20:16: 	Server Sent List Of Users
info: 08-Nov-2021 12:24:33: 	Server Sent List Of Users
info: 08-Nov-2021 12:24:41: 	Server Sent List Of Users
info: 08-Nov-2021 12:25:59: 	User oplk updated
info: 08-Nov-2021 12:25:59: 	Server Sent List Of Users
info: 08-Nov-2021 12:29:10: 	Server Sent List Of Users
info: 08-Nov-2021 12:30:35: 	User john updated
info: 08-Nov-2021 12:30:35: 	Server Sent List Of Users
info: 08-Nov-2021 12:31:15: 	Server Sent List Of Users
info: 08-Nov-2021 12:32:23: 	User doe updated
info: 08-Nov-2021 12:32:23: 	Server Sent List Of Users
info: 08-Nov-2021 12:44:00: 	Server Sent List Of Users
info: 08-Nov-2021 12:45:22: 	User john updated
info: 08-Nov-2021 12:45:22: 	Server Sent List Of Users
info: 08-Nov-2021 12:46:11: 	Server Sent List Of Users
info: 08-Nov-2021 12:47:16: 	User doe updated
info: 08-Nov-2021 12:47:16: 	Server Sent List Of Users
info: 08-Nov-2021 12:48:02: 	User john updated
info: 08-Nov-2021 12:48:02: 	Server Sent List Of Users
info: 08-Nov-2021 12:56:50: 	Server Sent List Of Users
info: 08-Nov-2021 12:57:17: 	Server Sent List Of Users
info: 08-Nov-2021 12:57:58: 	User doe updated
info: 08-Nov-2021 12:57:58: 	Server Sent List Of Users
info: 08-Nov-2021 13:13:29: 	Server Sent List Of Users
info: 08-Nov-2021 13:14:39: 	Server Sent List Of Users
info: 08-Nov-2021 13:16:54: 	Server Sent List Of Users
info: 08-Nov-2021 13:32:31: 	Server Sent List Of Users
info: 08-Nov-2021 13:33:09: 	User john updated
info: 08-Nov-2021 13:33:09: 	Server Sent List Of Users
info: 08-Nov-2021 13:34:43: 	User doe updated
info: 08-Nov-2021 13:34:43: 	Server Sent List Of Users
info: 08-Nov-2021 13:35:02: 	Server Sent List Of Users
info: 08-Nov-2021 13:35:50: 	User john updated
info: 08-Nov-2021 13:35:50: 	Server Sent List Of Users
info: 08-Nov-2021 13:39:15: 	Server Sent List Of Users
info: 08-Nov-2021 13:39:41: 	User doe updated
info: 08-Nov-2021 13:39:41: 	Server Sent List Of Users
info: 08-Nov-2021 14:28:49: 	Server Sent List Of Users
info: 08-Nov-2021 14:31:23: 	Server Sent List Of Users
info: 08-Nov-2021 14:35:55: 	Server Sent List Of Users
info: 08-Nov-2021 14:36:48: 	Server Sent List Of Users
info: 08-Nov-2021 14:37:21: 	Server Sent List Of Users
info: 08-Nov-2021 14:44:12: 	Server Sent List Of Users
info: 08-Nov-2021 14:49:40: 	Server Sent List Of Users
info: 08-Nov-2021 14:52:57: 	User john updated
info: 08-Nov-2021 14:52:57: 	Server Sent List Of Users
info: 08-Nov-2021 14:57:33: 	Server Sent List Of Users
info: 08-Nov-2021 14:59:03: 	Server Sent List Of Users
info: 08-Nov-2021 14:59:29: 	User doe updated
info: 08-Nov-2021 14:59:29: 	Server Sent List Of Users
info: 08-Nov-2021 15:01:40: 	Server Sent List Of Users
info: 08-Nov-2021 15:02:03: 	User john updated
info: 08-Nov-2021 15:02:03: 	Server Sent List Of Users
info: 08-Nov-2021 15:05:55: 	Server Sent List Of Users
info: 08-Nov-2021 15:06:03: 	User john updated
info: 08-Nov-2021 15:06:03: 	Server Sent List Of Users
info: 08-Nov-2021 15:06:57: 	User doe updated
info: 08-Nov-2021 15:06:57: 	Server Sent List Of Users
info: 08-Nov-2021 15:08:37: 	User john updated
info: 08-Nov-2021 15:08:37: 	Server Sent List Of Users
info: 08-Nov-2021 15:19:22: 	Server Sent List Of Users
info: 08-Nov-2021 15:19:46: 	User doe updated
info: 08-Nov-2021 15:19:46: 	Server Sent List Of Users
info: 08-Nov-2021 15:21:38: 	Server Sent List Of Users
info: 08-Nov-2021 15:21:51: 	User john updated
info: 08-Nov-2021 15:21:51: 	Server Sent List Of Users
info: 08-Nov-2021 15:22:30: 	User doe updated
info: 08-Nov-2021 15:22:30: 	Server Sent List Of Users
info: 08-Nov-2021 15:22:35: 	Server Sent List Of Users
info: 08-Nov-2021 15:22:52: 	User john updated
info: 08-Nov-2021 15:22:52: 	Server Sent List Of Users
info: 08-Nov-2021 15:22:56: 	Server Sent List Of Users
info: 08-Nov-2021 15:23:02: 	Server Sent List Of Users
info: 08-Nov-2021 15:23:09: 	Server Sent List Of Users
info: 08-Nov-2021 15:23:24: 	User doe updated
info: 08-Nov-2021 15:23:24: 	Server Sent List Of Users
info: 08-Nov-2021 15:23:48: 	Server Sent List Of Users
info: 08-Nov-2021 15:23:57: 	User john updated
info: 08-Nov-2021 15:23:57: 	Server Sent List Of Users
info: 08-Nov-2021 17:40:09: 	Server Sent List Of Users
info: 08-Nov-2021 17:40:21: 	User doe updated
info: 08-Nov-2021 17:40:21: 	Server Sent List Of Users
info: 08-Nov-2021 17:41:48: 	User john updated
info: 08-Nov-2021 17:41:48: 	Server Sent List Of Users
info: 08-Nov-2021 18:40:40: 	Server Sent List Of Users
info: 08-Nov-2021 18:40:41: 	Server Sent List Of Users
info: 08-Nov-2021 18:40:53: 	User doe updated
info: 08-Nov-2021 18:40:53: 	Server Sent List Of Users
info: 08-Nov-2021 18:42:46: 	Server Sent List Of Users
info: 08-Nov-2021 18:42:58: 	Server Sent List Of Users
info: 09-Nov-2021 11:59:37: 	Server Sent List Of Users
info: 09-Nov-2021 12:37:02: 	Server Sent List Of Users
info: 09-Nov-2021 12:41:48: 	Server Sent List Of Users
info: 09-Nov-2021 12:45:17: 	User john updated
info: 09-Nov-2021 12:46:58: 	User john updated
info: 09-Nov-2021 12:46:58: 	Server Sent List Of Users
info: 09-Nov-2021 12:47:24: 	User doe updated
info: 09-Nov-2021 12:47:24: 	Server Sent List Of Users
info: 09-Nov-2021 12:50:47: 	Server Sent List Of Users
info: 09-Nov-2021 12:50:54: 	Server Sent List Of Users
info: 09-Nov-2021 12:51:15: 	Server Sent List Of Users
info: 09-Nov-2021 12:52:33: 	Server Sent List Of Users
info: 09-Nov-2021 12:52:59: 	User kiol5555 updated
info: 09-Nov-2021 12:52:59: 	Server Sent List Of Users
info: 09-Nov-2021 12:53:21: 	Server Sent List Of Users
info: 09-Nov-2021 12:55:22: 	Server Sent List Of Users
info: 09-Nov-2021 13:12:56: 	Server Sent List Of Users
error: 09-Nov-2021 13:18:00: 	500 || undefined - /api/auth/register - POST - ::1
error: 09-Nov-2021 13:18:49: 	500 || undefined - /api/auth/register - POST - ::1
error: 09-Nov-2021 13:20:59: 	500 || undefined - /api/auth/register - POST - ::1
error: 09-Nov-2021 13:28:47: 	500 || undefined - /api/auth/register - POST - ::1
error: 09-Nov-2021 13:30:12: 	500 || undefined - /api/auth/register - POST - ::1
error: 09-Nov-2021 13:30:41: 	400 || undefined - /api/auth/register - POST - ::1
error: 09-Nov-2021 13:31:46: 	500 || undefined - /api/auth/register - POST - ::1
error: 09-Nov-2021 13:36:43: 	500 || undefined - /api/auth/register - POST - ::1
error: 09-Nov-2021 13:38:33: 	500 || undefined - /api/auth/register - POST - ::1
error: 09-Nov-2021 13:40:42: 	500 || undefined - /api/auth/register - POST - ::1
error: 09-Nov-2021 13:45:27: 	500 || undefined - /api/auth/register - POST - ::1
error: 09-Nov-2021 13:45:57: 	500 || undefined - /api/auth/register - POST - ::1
error: 09-Nov-2021 13:46:30: 	500 || undefined - /api/auth/register - POST - ::1
error: 09-Nov-2021 13:46:46: 	500 || undefined - /api/auth/register - POST - ::1
error: 09-Nov-2021 13:47:03: 	500 || undefined - /api/auth/register - POST - ::1
error: 09-Nov-2021 13:50:38: 	500 || undefined - /api/auth/register - POST - ::1
error: 09-Nov-2021 13:57:23: 	409 || undefined - /api/auth/register - POST - ::1
info: 09-Nov-2021 14:35:31: 	Server Sent List Of Users
info: 09-Nov-2021 15:10:44: 	Server Sent List Of Users
info: 09-Nov-2021 15:11:50: 	Server Sent List Of Users
info: 09-Nov-2021 15:15:19: 	Server Sent List Of Users
info: 09-Nov-2021 15:17:13: 	Server Sent List Of Users
info: 09-Nov-2021 15:20:51: 	Server Sent List Of Users
info: 09-Nov-2021 15:22:57: 	Server Sent List Of Users
info: 09-Nov-2021 15:26:23: 	Server Sent List Of Users
info: 09-Nov-2021 15:26:26: 	Server Sent List Of Users
info: 09-Nov-2021 15:31:29: 	Server Sent List Of Users
info: 09-Nov-2021 16:26:50: 	Server Sent List Of Users
info: 09-Nov-2021 16:43:30: 	Server Sent List Of Users
info: 09-Nov-2021 16:44:27: 	Server Sent List Of Users
info: 09-Nov-2021 16:53:01: 	Server Sent List Of Users
info: 09-Nov-2021 16:55:04: 	Server Sent List Of Users
info: 09-Nov-2021 16:58:40: 	Server Sent List Of Users
info: 09-Nov-2021 17:07:35: 	Server Sent List Of Users
info: 09-Nov-2021 17:10:48: 	Server Sent List Of Users
info: 09-Nov-2021 17:17:54: 	Server Sent List Of Users
info: 09-Nov-2021 17:31:48: 	Server Sent List Of Users
info: 09-Nov-2021 17:36:28: 	Server Sent List Of Users
info: 09-Nov-2021 17:39:01: 	Server Sent List Of Users
info: 09-Nov-2021 17:39:45: 	Server Sent List Of Users
info: 09-Nov-2021 17:42:09: 	Server Sent List Of Users
info: 09-Nov-2021 17:47:19: 	Server Sent List Of Users
info: 09-Nov-2021 17:48:20: 	Server Sent List Of Users
info: 09-Nov-2021 17:48:40: 	Server Sent List Of Users
info: 09-Nov-2021 17:49:41: 	Server Sent List Of Users
info: 09-Nov-2021 18:12:09: 	Server Sent List Of Users
info: 10-Nov-2021 09:51:33: 	Server Sent List Of Users
info: 10-Nov-2021 09:58:16: 	Server Sent List Of Users
info: 10-Nov-2021 10:00:59: 	Server Sent List Of Users
info: 10-Nov-2021 10:01:33: 	Server Sent List Of Users
info: 10-Nov-2021 10:26:35: 	Server Sent List Of Users
info: 10-Nov-2021 10:30:49: 	Server Sent List Of Users
info: 10-Nov-2021 10:40:19: 	Server Sent List Of Users
